2021-02-15 03:32:37 info: -------------------------------------------------
2021-02-15 03:32:37 info: >>> Running Unit Test `ex1-doubleEvenNumbers` <<<
2021-02-15 03:32:37 info: -------------------------------------------------
2021-02-15 03:32:43 info: All unit tests passed.
2021-02-15 03:32:48 info: All steps were completed successfully
2021-02-15 05:11:37 info: --------------------------------------------
2021-02-15 05:11:37 info: >>> Running Unit Test `ex2-mondaysWorth` <<<
2021-02-15 05:11:37 info: --------------------------------------------
2021-02-15 05:11:43 error: *** Unit Test Error Report ***

- mondaysWorth should compute the earnings as a formatted Euro amount
  Expected: €187.50
  Received: 187.5

2021-02-15 05:11:45 error: *** ESLint Report ***
ex2-mondaysWorth.js
  34:9  error    'duration' is assigned a value but never used  no-unused-vars
  35:9  warning  'a' is never reassigned. Use 'const' instead   no-autofix/prefer-const

✖ 2 problems (1 error, 1 warning)
2021-02-15 05:11:47 error: *** Spell Checker Report ***

ex2-mondaysWorth.js:46:7 - Unknown word (searnings)
ex2-mondaysWorth.js:63:33 - Unknown word (searnings)
2021-02-15 05:11:57 info: Disclaimer turned off
2021-02-16 12:24:51 info: --------------------------------------------
2021-02-16 12:24:51 info: >>> Running Unit Test `ex2-mondaysWorth` <<<
2021-02-16 12:24:51 info: --------------------------------------------
2021-02-16 12:24:57 info: All unit tests passed.
2021-02-16 12:24:59 error: *** ESLint Report ***
ex2-mondaysWorth.js
  34:9  error    'newDuration' is assigned a value but never used  no-unused-vars
  35:9  warning  'a' is never reassigned. Use 'const' instead      no-autofix/prefer-const

✖ 2 problems (1 error, 1 warning)
2021-02-16 12:25:01 error: *** Spell Checker Report ***

ex2-mondaysWorth.js:46:7 - Unknown word (searnings)
ex2-mondaysWorth.js:63:33 - Unknown word (searnings)
2021-02-16 12:25:30 info: --------------------------------------------
2021-02-16 12:25:30 info: >>> Running Unit Test `ex2-mondaysWorth` <<<
2021-02-16 12:25:30 info: --------------------------------------------
2021-02-16 12:25:34 info: All unit tests passed.
2021-02-16 12:25:36 error: *** ESLint Report ***
ex2-mondaysWorth.js
  34:9  error    'newDuration' is assigned a value but never used  no-unused-vars
  35:9  warning  'a' is never reassigned. Use 'const' instead      no-autofix/prefer-const

✖ 2 problems (1 error, 1 warning)
2021-02-16 12:25:38 error: *** Spell Checker Report ***

ex2-mondaysWorth.js:46:7 - Unknown word (searnings)
ex2-mondaysWorth.js:63:32 - Unknown word (searnings)
2021-02-16 12:29:36 info: --------------------------------------------
2021-02-16 12:29:36 info: >>> Running Unit Test `ex2-mondaysWorth` <<<
2021-02-16 12:29:36 info: --------------------------------------------
2021-02-16 12:29:41 error: *** Unit Test Error Report ***

- mondaysWorth should exist and be executable

2021-02-16 12:29:43 error: *** ESLint Report ***
ex2-mondaysWorth.js
  35:9  error  'newDuration' is assigned a value but never used  no-unused-vars
  37:5  error  'b' is constant                                   no-const-assign

✖ 2 problems (2 errors, 0 warnings)
2021-02-16 12:30:03 info: --------------------------------------------
2021-02-16 12:30:03 info: >>> Running Unit Test `ex2-mondaysWorth` <<<
2021-02-16 12:30:03 info: --------------------------------------------
2021-02-16 12:30:07 info: All unit tests passed.
2021-02-16 12:30:09 error: *** ESLint Report ***
ex2-mondaysWorth.js
  35:9  error  'newDuration' is assigned a value but never used  no-unused-vars

✖ 1 problem (1 error, 0 warnings)
2021-02-16 12:32:44 info: --------------------------------------------
2021-02-16 12:32:44 info: >>> Running Unit Test `ex2-mondaysWorth` <<<
2021-02-16 12:32:44 info: --------------------------------------------
2021-02-16 12:32:49 info: All unit tests passed.
2021-02-16 12:32:53 info: All steps were completed successfully
2021-02-16 01:05:35 info: --------------------------------------------
2021-02-16 01:05:35 info: >>> Running Unit Test `ex3-lemonAllergy` <<<
2021-02-16 01:05:35 info: --------------------------------------------
2021-02-16 01:05:40 error: *** Unit Test Error Report ***

- sanitizeFruitBasket should list the sanitized fruit basket
  Expected: My mom bought me a fruit basket containing apple, grapefruit, banana, watermelon!
  Received: My mom bought me a fruit basket, containing apple,grapefruit,banana,watermelon!

2021-02-16 01:09:03 info: --------------------------------------------
2021-02-16 01:09:03 info: >>> Running Unit Test `ex3-lemonAllergy` <<<
2021-02-16 01:09:03 info: --------------------------------------------
2021-02-16 01:09:08 error: *** Unit Test Error Report ***

- sanitizeFruitBasket should list the sanitized fruit basket
  Expected: My mom bought me a fruit basket containing apple, grapefruit, banana, watermelon!
  Received: My mom bought me a fruit basket, containing apple, grapefruit, banana, watermelon!

2021-02-16 01:10:03 info: --------------------------------------------
2021-02-16 01:10:03 info: >>> Running Unit Test `ex3-lemonAllergy` <<<
2021-02-16 01:10:03 info: --------------------------------------------
2021-02-16 01:10:08 info: All unit tests passed.
2021-02-16 01:10:12 info: All steps were completed successfully
2021-02-17 01:11:51 info: ------------------------------------------------
2021-02-17 01:11:51 info: >>> Running Unit Test `ex4-publishSubscribe` <<<
2021-02-17 01:11:51 info: ------------------------------------------------
2021-02-17 01:11:56 info: All unit tests passed.
2021-02-17 01:12:00 info: All steps were completed successfully
2021-02-26 05:44:45 info: ---------------------------------------
2021-02-26 05:44:45 info: >>> Running Unit Test `ex2-aboutMe` <<<
2021-02-26 05:44:45 info: ---------------------------------------
2021-02-26 05:44:53 info: All unit tests passed.
2021-02-26 05:44:57 error: *** Spell Checker Report ***

ex2-aboutMe/index.js:14:52 - Unknown word (Burki)
2021-02-26 05:45:39 info: ---------------------------------------
2021-02-26 05:45:39 info: >>> Running Unit Test `ex2-aboutMe` <<<
2021-02-26 05:45:39 info: ---------------------------------------
2021-02-26 05:45:45 info: All unit tests passed.
2021-02-26 05:45:49 error: *** Spell Checker Report ***

ex2-aboutMe/index.js:14:52 - Unknown word (Burki)
2021-02-26 05:46:02 info: ---------------------------------------
2021-02-26 05:46:02 info: >>> Running Unit Test `ex2-aboutMe` <<<
2021-02-26 05:46:02 info: ---------------------------------------
2021-02-26 05:46:09 info: All unit tests passed.
2021-02-26 05:46:12 info: All steps were completed successfully
2021-02-27 01:11:45 info: ---------------------------------------
2021-02-27 01:11:45 info: >>> Running Unit Test `ex2-aboutMe` <<<
2021-02-27 01:11:45 info: ---------------------------------------
2021-02-27 01:11:53 error: *** Unit Test Error Report ***

- Generated HTML HTML should be syntactically valid
  inline
    27:2  error  <img> is missing required "alt" attribute  wcag/h37
  
  ✖ 1 problem (1 error, 0 warnings)
  

2021-02-27 01:13:01 info: ---------------------------------------
2021-02-27 01:13:01 info: >>> Running Unit Test `ex2-aboutMe` <<<
2021-02-27 01:13:01 info: ---------------------------------------
2021-02-27 01:13:07 info: All unit tests passed.
2021-02-27 01:13:11 info: All steps were completed successfully
2021-03-18 09:08:59 info: ---------------------------------------
2021-03-18 09:08:59 info: >>> Running Unit Test `ex1-johnWho` <<<
2021-03-18 09:08:59 info: ---------------------------------------
2021-03-18 09:08:59 info: Exercise has not yet been modified
2021-03-18 09:09:04 error: *** Unit Test Error Report ***

- getAnonName should call `new Promise()`
- getAnonName should take a single argument
- getAnonName should return a resolved promise when called with a string argument,
- getAnonName should return a rejected promise when called without an argument,

2021-03-18 11:49:42 info: ---------------------------------------
2021-03-18 11:49:42 info: >>> Running Unit Test `ex1-johnWho` <<<
2021-03-18 11:49:42 info: ---------------------------------------
2021-03-18 11:49:49 error: *** Unit Test Error Report ***

- getAnonName should call `new Promise()`
- getAnonName should take a single argument
- getAnonName should return a resolved promise when called with a string argument,
- getAnonName should return a rejected promise when called without an argument,

2021-03-18 11:49:55 error: *** Spell Checker Report ***

ex1-johnWho.js:16:18 - Unknown word (SDFG)
2021-03-18 11:50:52 info: ----------------------------------------
2021-03-18 11:50:52 info: >>> Running Unit Test `ex1-bookList` <<<
2021-03-18 11:50:52 info: ----------------------------------------
2021-03-18 11:51:02 error: *** Unit Test Error Report ***

- Generated HTML HTML should be syntactically valid
  inline
    10:282  error  <img> is missing required "alt" attribute  wcag/h37
    10:515  error  <img> is missing required "alt" attribute  wcag/h37
    10:739  error  <img> is missing required "alt" attribute  wcag/h37
  
  ✖ 3 problems (3 errors, 0 warnings)
  

2021-03-18 11:54:20 info: ----------------------------------------------
2021-03-18 11:54:20 info: >>> Running Unit Test `ex1-giveCompliment` <<<
2021-03-18 11:54:20 info: ----------------------------------------------
2021-03-18 11:54:20 info: Exercise has not yet been modified
2021-03-18 11:54:26 error: *** Unit Test Error Report ***

- giveCompliment should take a single parameter
- giveCompliment should include a `compliments` array initialized with 10 strings
  No such array found
- giveCompliment should give a random compliment: You are `compliment`, `name`!

2021-03-18 12:23:58 info: ---------------------------------------
2021-03-18 12:23:58 info: >>> Running Unit Test `ex1-johnWho` <<<
2021-03-18 12:23:58 info: ---------------------------------------
2021-03-18 12:24:03 error: *** Unit Test Error Report ***

- getAnonName should call `new Promise()`
- getAnonName should take a single argument
- getAnonName should return a resolved promise when called with a string argument,
- getAnonName should return a rejected promise when called without an argument,

2021-03-19 11:53:46 info: -------------------------------------------------
2021-03-19 11:53:46 info: >>> Running Unit Test `ex2-checkDoubleDigits` <<<
2021-03-19 11:53:46 info: -------------------------------------------------
2021-03-19 11:53:52 error: *** Unit Test Error Report ***

- checkDoubleDigits (5) should return a rejected promise with an Error object
- checkDoubleDigits (123) should return a rejected promise with an Error object

2021-03-19 11:54:46 info: -------------------------------------------------
2021-03-19 11:54:46 info: >>> Running Unit Test `ex2-checkDoubleDigits` <<<
2021-03-19 11:54:46 info: -------------------------------------------------
2021-03-19 11:54:50 error: *** Unit Test Error Report ***

- checkDoubleDigits (5) should return a rejected promise with an Error object
- checkDoubleDigits (123) should return a rejected promise with an Error object

2021-03-19 12:25:47 info: -------------------------------------------------
2021-03-19 12:25:47 info: >>> Running Unit Test `ex2-checkDoubleDigits` <<<
2021-03-19 12:25:47 info: -------------------------------------------------
2021-03-19 12:26:01 error: *** Unit Test Error Report ***

Command failed: npx jest ex2-checkDoubleDigits --silent false --verbose false --reporters="C:\Homework\test-runner\CustomReporter.js"
Timeout - Async callback was not invoked within the 5000 ms timeout specified by jest.setTimeout.Error: 
    at new Spec (C:\Homework\node_modules\jest-jasmine2\build\jasmine\Spec.js:116:22)
    at new Spec (C:\Homework\node_modules\jest-jasmine2\build\setup_jest_globals.js:78:9)
    at specFactory (C:\Homework\node_modules\jest-jasmine2\build\jasmine\Env.js:523:24)
    at Env.it (C:\Homework\node_modules\jest-jasmine2\build\jasmine\Env.js:592:24)
    at Env.it (C:\Homework\node_modules\jest-jasmine2\build\jasmineAsyncInstall.js:134:23)
    at it (C:\Homework\node_modules\jest-jasmine2\build\jasmine\jasmineLight.js:100:21)
    at Suite.<anonymous> (C:\Homework\3-UsingAPIs\Week1\unit-tests\ex2-checkDoubleDigits.test.js:55:3)
    at addSpecsToSuite (C:\Homework\node_modules\jest-jasmine2\build\jasmine\Env.js:444:51)
    at Env.describe (C:\Homework\node_modules\jest-jasmine2\build\jasmine\Env.js:414:11)
    at describe (C:\Homework\node_modules\jest-jasmine2\build\jasmine\jasmineLight.js:88:18)
    at Object.<anonymous> (C:\Homework\3-UsingAPIs\Week1\unit-tests\ex2-checkDoubleDigits.test.js:8:1)
    at Runtime._execModule (C:\Homework\node_modules\jest-runtime\build\index.js:1299:24)
    at Runtime._loadModule (C:\Homework\node_modules\jest-runtime\build\index.js:898:12)
    at Runtime.requireModule (C:\Homework\node_modules\jest-runtime\build\index.js:746:10)
    at jasmine2 (C:\Homework\node_modules\jest-jasmine2\build\index.js:230:13)
    at runTestInternal (C:\Homework\node_modules\jest-runner\build\runTest.js:380:22)
    at processTicksAndRejections (internal/process/task_queues.js:93:5)
    at runTest (C:\Homework\node_modules\jest-runner\build\runTest.js:472:34)
npm ERR! code 1
npm ERR! path C:\Homework
npm ERR! command failed
npm ERR! command C:\WINDOWS\system32\cmd.exe /d /s /c jest ex2-checkDoubleDigits --silent false --verbose false --reporters=C:\\Homework\\test-runner\\CustomReporter.js

npm ERR! A complete log of this run can be found in:
npm ERR!     C:\Users\31685\AppData\Local\npm-cache\_logs\2021-03-19T11_26_01_354Z-debug.log

2021-03-19 12:26:44 info: -------------------------------------------------
2021-03-19 12:26:44 info: >>> Running Unit Test `ex2-checkDoubleDigits` <<<
2021-03-19 12:26:44 info: -------------------------------------------------
2021-03-19 12:26:48 error: *** Unit Test Error Report ***

- checkDoubleDigits (5) should return a rejected promise with an Error object
- checkDoubleDigits (123) should return a rejected promise with an Error object

2021-03-19 12:54:21 info: ---------------------------------------
2021-03-19 12:54:21 info: >>> Running Unit Test `ex1-johnWho` <<<
2021-03-19 12:54:21 info: ---------------------------------------
2021-03-19 12:54:28 error: *** Unit Test Error Report ***

- getAnonName should return a rejected promise when called without an argument

2021-03-19 04:36:22 info: -------------------------------------------------
2021-03-19 04:36:22 info: >>> Running Unit Test `ex2-checkDoubleDigits` <<<
2021-03-19 04:36:22 info: -------------------------------------------------
2021-03-19 04:36:31 info: All unit tests passed.
2021-03-19 04:36:37 info: All steps were completed successfully
2021-03-19 07:42:07 info: ---------------------------------------
2021-03-19 07:42:07 info: >>> Running Unit Test `ex1-johnWho` <<<
2021-03-19 07:42:07 info: ---------------------------------------
2021-03-19 07:42:14 error: *** Unit Test Error Report ***

- getAnonName should return a rejected promise when called without an argument

2021-03-19 07:43:10 info: ---------------------------------------
2021-03-19 07:43:10 info: >>> Running Unit Test `ex1-johnWho` <<<
2021-03-19 07:43:10 info: ---------------------------------------
2021-03-19 07:43:17 info: All unit tests passed.
2021-03-19 07:43:20 info: All steps were completed successfully
